#
# A fatal error has been detected by the Java Runtime Environment:
#
#  SIGSEGV (0xb) at pc=0x00000001070988df, pid=3423, tid=17667
#
# JRE version: Java(TM) SE Runtime Environment (8.0_73-b02) (build 1.8.0_73-b02)
# Java VM: Java HotSpot(TM) 64-Bit Server VM (25.73-b02 mixed mode bsd-amd64 compressed oops)
# Problematic frame:
# V  [libjvm.dylib+0x4988df]  Parse::Block::init_graph(Parse*)+0x37
#
# Failed to write core dump. Core dumps have been disabled. To enable core dumping, try "ulimit -c unlimited" before starting Java again
#
# If you would like to submit a bug report, please visit:
#   http://bugreport.java.com/bugreport/crash.jsp
#

---------------  T H R E A D  ---------------

Current thread (0x00007ff9e381b800):  JavaThread "C2 CompilerThread1" daemon [_thread_in_native, id=17667, stack(0x0000700000c3e000,0x0000700000d3e000)]

siginfo: si_signo: 11 (SIGSEGV), si_code: 1 (SEGV_MAPERR), si_addr: 0x0000000000000000

Registers:
RAX=0x0000000000000000, RBX=0x00007ff9e2dbc0f0, RCX=0x0000000000000001, RDX=0x000000000000000f
RSP=0x0000700000d3ba20, RBP=0x0000700000d3ba50, RSI=0x0000700000d3bae0, RDI=0x00007ff9e3b092c0
R8 =0x00007ff9e3a78000, R9 =0x00007ff9e297f550, R10=0x000000011c1fe1e0, R11=0x00007ff839615e48
R12=0x00007ff9e3b092c0, R13=0x00007ff9e3357450, R14=0x00007ff9e3a77cc0, R15=0x0000000000000000
RIP=0x00000001070988df, EFLAGS=0x0000000000010206, ERR=0x0000000000000004
  TRAPNO=0x000000000000000e

Top of Stack: (sp=0x0000700000d3ba20)
0x0000700000d3ba20:   0000700000d3bae0 0000700000d3bae0
0x0000700000d3ba30:   0000000000000000 00007ff9e3357450
0x0000700000d3ba40:   0000000000000000 0000000000000000
0x0000700000d3ba50:   0000700000d3ba80 0000000107098a70
0x0000700000d3ba60:   00007ff9e3022698 00007ff9e3022698
0x0000700000d3ba70:   0000700000d3c4d0 0000700000d3bae0
0x0000700000d3ba80:   0000700000d3bad0 000000010709b219
0x0000700000d3ba90:   00007ff9e70b50a0 00007ff9bf800000
0x0000700000d3baa0:   0000000000000000 00007ff9e209e6c0
0x0000700000d3bab0:   00007ff9e3b092a0 00007ff9e3357450
0x0000700000d3bac0:   00007ff9e3b092a0 0000700000d3cf88
0x0000700000d3bad0:   0000700000d3bc50 0000000106d5001a
0x0000700000d3bae0:   0000000107427c10 0000000100000001
0x0000700000d3baf0:   0000700000d3cf88 0000700000d3da90
0x0000700000d3bb00:   0000700000d3c4d0 0000000000000000
0x0000700000d3bb10:   0000000000000000 00007ff9e7051800
0x0000700000d3bb20:   00007ff9e205a6f0 0000000000000000
0x0000700000d3bb30:   00007ff9e209e6c0 3f800000bf800000
0x0000700000d3bb40:   00007ff900000003 00007ff9e7051870
0x0000700000d3bb50:   00007000ffffffff 00007ff9e2dbbe30
0x0000700000d3bb60:   00007ff9e3b092c0 0000000100000001
0x0000700000d3bb70:   0000000107421460 0000000000000001
0x0000700000d3bb80:   0000700000d3cf88 0000700000d3da90
0x0000700000d3bb90:   0000700000d3c4d0 00007ff9e3b16b70
0x0000700000d3bba0:   0000000000000000 00007ff900000016
0x0000700000d3bbb0:   00007ff9e29803f0 00007ff900000000
0x0000700000d3bbc0:   0000700000000000 0000000000000000
0x0000700000d3bbd0:   0000000000000000 00007ff9e205a6f0
0x0000700000d3bbe0:   00007ff9e205a5e0 0000000000000000
0x0000700000d3bbf0:   0000000000000000 0000700000d3be60
0x0000700000d3bc00:   00007ff9e2dbc010 00007ff9e2dbc02a
0x0000700000d3bc10:   00007ff9e2dbc010 0000000106e92e99 

Instructions: (pc=0x00000001070988df)
0x00000001070988bf:   08 4c 8b 7b 18 4d 85 f6 48 89 75 d0 49 89 fc 75
0x00000001070988cf:   0c 48 89 df e8 70 f3 cd ff 4c 8b 73 08 41 8b 06
0x00000001070988df:   41 8b 1f 41 89 5c 24 58 44 8d 2c 18 45 89 6c 24
0x00000001070988ef:   5c f7 d8 39 c3 75 04 31 c0 eb 0e 49 63 fd 48 c1 

Register to memory mapping:

RAX=0x0000000000000000 is an unknown value
RBX=0x00007ff9e2dbc0f0 is an unknown value
RCX=0x0000000000000001 is an unknown value
RDX=0x000000000000000f is an unknown value
RSP=0x0000700000d3ba20 is pointing into the stack for thread: 0x00007ff9e381b800
RBP=0x0000700000d3ba50 is pointing into the stack for thread: 0x00007ff9e381b800
RSI=0x0000700000d3bae0 is pointing into the stack for thread: 0x00007ff9e381b800
RDI=0x00007ff9e3b092c0 is an unknown value
R8 =0x00007ff9e3a78000 is an unknown value
R9 =0x00007ff9e297f550 is an unknown value
R10=0x000000011c1fe1e0 is an unknown value
R11=0x00007ff839615e48 is an unknown value
R12=0x00007ff9e3b092c0 is an unknown value
R13=0x00007ff9e3357450 is an unknown value
R14=0x00007ff9e3a77cc0 is an unknown value
R15=0x0000000000000000 is an unknown value


Stack: [0x0000700000c3e000,0x0000700000d3e000],  sp=0x0000700000d3ba20,  free space=1014k
Native frames: (J=compiled Java code, j=interpreted, Vv=VM code, C=native code)
V  [libjvm.dylib+0x4988df]  Parse::Block::init_graph(Parse*)+0x37
V  [libjvm.dylib+0x498a70]  Parse::init_blocks()+0xc2
V  [libjvm.dylib+0x49b219]  Parse::Parse(JVMState*, ciMethod*, float)+0x3eb
V  [libjvm.dylib+0x15001a]  ParseGenerator::generate(JVMState*)+0x64
V  [libjvm.dylib+0x236c0d]  Parse::do_call()+0x2cb
V  [libjvm.dylib+0x4a3370]  Parse::do_one_bytecode()+0x4884
V  [libjvm.dylib+0x4994d9]  Parse::do_one_block()+0xc1
V  [libjvm.dylib+0x4997dd]  Parse::do_all_blocks()+0x271
V  [libjvm.dylib+0x49b3ab]  Parse::Parse(JVMState*, ciMethod*, float)+0x57d
V  [libjvm.dylib+0x15001a]  ParseGenerator::generate(JVMState*)+0x64
V  [libjvm.dylib+0x236c0d]  Parse::do_call()+0x2cb
V  [libjvm.dylib+0x4a3370]  Parse::do_one_bytecode()+0x4884
V  [libjvm.dylib+0x4994d9]  Parse::do_one_block()+0xc1
V  [libjvm.dylib+0x4997dd]  Parse::do_all_blocks()+0x271
V  [libjvm.dylib+0x49b3ab]  Parse::Parse(JVMState*, ciMethod*, float)+0x57d
V  [libjvm.dylib+0x15001a]  ParseGenerator::generate(JVMState*)+0x64
V  [libjvm.dylib+0x1b1a0d]  Compile::Compile(ciEnv*, C2Compiler*, ciMethod*, int, bool, bool, bool)+0x6c9
V  [libjvm.dylib+0x14f93e]  C2Compiler::compile_method(ciEnv*, ciMethod*, int)+0xac
V  [libjvm.dylib+0x1b529a]  CompileBroker::invoke_compiler_on_method(CompileTask*)+0x5b2
V  [libjvm.dylib+0x1b77e1]  CompileBroker::compiler_thread_loop()+0x291
V  [libjvm.dylib+0x561753]  JavaThread::thread_main_inner()+0x9b
V  [libjvm.dylib+0x562e4e]  JavaThread::run()+0x1c2
V  [libjvm.dylib+0x4838a2]  java_start(Thread*)+0xf6
C  [libsystem_pthread.dylib+0x3c13]  _pthread_body+0x83
C  [libsystem_pthread.dylib+0x3b90]  _pthread_body+0x0
C  [libsystem_pthread.dylib+0x1375]  thread_start+0xd
C  0x0000000000000000


Current CompileTask:
C2:   6519 2487       4       sun.java2d.pipe.BufferedContext::validate (518 bytes)


---------------  P R O C E S S  ---------------

Java Threads: ( => current thread )
  0x00007ff9e2d43800 JavaThread "TimerQueue" daemon [_thread_blocked, id=58443, stack(0x0000700001765000,0x0000700001865000)]
  0x00007ff9e29ec800 JavaThread "Image Fetcher 0" daemon [_thread_blocked, id=53507, stack(0x00007000015df000,0x00007000016df000)]
  0x00007ff9e29d6000 JavaThread "DestroyJavaVM" [_thread_blocked, id=5891, stack(0x000070000011a000,0x000070000021a000)]
  0x00007ff9e29c2000 JavaThread "AWT-EventQueue-0" [_thread_in_Java, id=52995, stack(0x00007000014dc000,0x00007000015dc000)]
  0x00007ff9e29d4000 JavaThread "Java2D Disposer" daemon [_thread_blocked, id=52483, stack(0x00007000013d9000,0x00007000014d9000)]
  0x00007ff9e29d7000 JavaThread "Java2D Queue Flusher" daemon [_thread_blocked, id=49415, stack(0x00007000012d6000,0x00007000013d6000)]
  0x00007ff9e2255800 JavaThread "AWT-Shutdown" [_thread_blocked, id=29979, stack(0x0000700001150000,0x0000700001250000)]
  0x00007ff9e28e3800 JavaThread "AppKit Thread" daemon [_thread_in_native, id=2571, stack(0x00007fff59361000,0x00007fff59b61000)]
  0x00007ff9e2832800 JavaThread "Service Thread" daemon [_thread_blocked, id=18691, stack(0x0000700000e44000,0x0000700000f44000)]
  0x00007ff9e381c000 JavaThread "C1 CompilerThread2" daemon [_thread_blocked, id=18179, stack(0x0000700000d41000,0x0000700000e41000)]
=>0x00007ff9e381b800 JavaThread "C2 CompilerThread1" daemon [_thread_in_native, id=17667, stack(0x0000700000c3e000,0x0000700000d3e000)]
  0x00007ff9e3803000 JavaThread "C2 CompilerThread0" daemon [_thread_blocked, id=17155, stack(0x0000700000b3b000,0x0000700000c3b000)]
  0x00007ff9e2830000 JavaThread "Signal Dispatcher" daemon [_thread_blocked, id=13839, stack(0x0000700000a38000,0x0000700000b38000)]
  0x00007ff9e2800000 JavaThread "Finalizer" daemon [_thread_blocked, id=12291, stack(0x000070000082f000,0x000070000092f000)]
  0x00007ff9e3008000 JavaThread "Reference Handler" daemon [_thread_blocked, id=11779, stack(0x000070000072c000,0x000070000082c000)]

Other Threads:
  0x00007ff9e2037000 VMThread [stack: 0x0000700000629000,0x0000700000729000] [id=11267]
  0x00007ff9e2833000 WatcherThread [stack: 0x0000700000f47000,0x0000700001047000] [id=19203]

VM state:not at safepoint (normal execution)

VM Mutex/Monitor currently owned by a thread: None

Heap:
 PSYoungGen      total 38400K, used 13508K [0x0000000795580000, 0x000000079a080000, 0x00000007c0000000)
  eden space 33280K, 40% used [0x0000000795580000,0x00000007962b11a0,0x0000000797600000)
  from space 5120K, 0% used [0x0000000797b00000,0x0000000797b00000,0x0000000798000000)
  to   space 5120K, 0% used [0x0000000797600000,0x0000000797600000,0x0000000797b00000)
 ParOldGen       total 58368K, used 9180K [0x0000000740000000, 0x0000000743900000, 0x0000000795580000)
  object space 58368K, 15% used [0x0000000740000000,0x00000007408f7168,0x0000000743900000)
 Metaspace       used 23156K, capacity 23528K, committed 23808K, reserved 1071104K
  class space    used 2900K, capacity 3026K, committed 3072K, reserved 1048576K

Card table byte_map: [0x0000000116f4d000,0x000000011734e000] byte_map_base: 0x000000011354d000

Marking Bits: (ParMarkBitMap*) 0x00000001074e3ea0
 Begin Bits: [0x00000001175f9000, 0x00000001195f9000)
 End Bits:   [0x00000001195f9000, 0x000000011b5f9000)

Polling page: 0x0000000106362000

CodeCache: size=245760Kb used=7532Kb max_used=7547Kb free=238227Kb
 bounds [0x0000000107b8d000, 0x00000001082fd000, 0x0000000116b8d000]
 total_blobs=3115 nmethods=2481 adapters=546
 compilation: enabled

Compilation events (10 events):
Event: 6.469 Thread 0x00007ff9e381c000 2477       3       sun.net.www.protocol.file.Handler::parseURL (18 bytes)
Event: 6.469 Thread 0x00007ff9e381c000 nmethod 2477 0x0000000107c8c250 code [0x0000000107c8c3c0, 0x0000000107c8c638]
Event: 6.470 Thread 0x00007ff9e381c000 2479       3       java.util.LinkedList$ListItr::hasNext (20 bytes)
Event: 6.470 Thread 0x00007ff9e381c000 nmethod 2479 0x0000000107c90050 code [0x0000000107c901c0, 0x0000000107c90390]
Event: 6.471 Thread 0x00007ff9e381c000 2480       3       sun.awt.geom.Edge::compareTo (118 bytes)
Event: 6.472 Thread 0x00007ff9e381c000 nmethod 2480 0x00000001082deed0 code [0x00000001082df060, 0x00000001082df5e8]
Event: 6.472 Thread 0x00007ff9e381c000 2481       3       javax.swing.SwingUtilities::getWindowAncestor (31 bytes)
Event: 6.473 Thread 0x00007ff9e381c000 nmethod 2481 0x0000000107c99090 code [0x0000000107c99240, 0x0000000107c997d8]
Event: 6.473 Thread 0x00007ff9e381c000 2485       3       sun.java2d.SunGraphics2D::checkFontInfo (721 bytes)
Event: 6.473 Thread 0x00007ff9e381b800 2487       4       sun.java2d.pipe.BufferedContext::validate (518 bytes)

GC Heap History (6 events):
Event: 3.035 GC heap before
{Heap before GC invocations=1 (full 0):
 PSYoungGen      total 38400K, used 33280K [0x0000000795580000, 0x0000000798000000, 0x00000007c0000000)
  eden space 33280K, 100% used [0x0000000795580000,0x0000000797600000,0x0000000797600000)
  from space 5120K, 0% used [0x0000000797b00000,0x0000000797b00000,0x0000000798000000)
  to   space 5120K, 0% used [0x0000000797600000,0x0000000797600000,0x0000000797b00000)
 ParOldGen       total 87552K, used 0K [0x0000000740000000, 0x0000000745580000, 0x0000000795580000)
  object space 87552K, 0% used [0x0000000740000000,0x0000000740000000,0x0000000745580000)
 Metaspace       used 19664K, capacity 19920K, committed 20352K, reserved 1067008K
  class space    used 2539K, capacity 2628K, committed 2688K, reserved 1048576K
Event: 3.046 GC heap after
Heap after GC invocations=1 (full 0):
 PSYoungGen      total 38400K, used 5095K [0x0000000795580000, 0x0000000798000000, 0x00000007c0000000)
  eden space 33280K, 0% used [0x0000000795580000,0x0000000795580000,0x0000000797600000)
  from space 5120K, 99% used [0x0000000797600000,0x0000000797af9e50,0x0000000797b00000)
  to   space 5120K, 0% used [0x0000000797b00000,0x0000000797b00000,0x0000000798000000)
 ParOldGen       total 87552K, used 4608K [0x0000000740000000, 0x0000000745580000, 0x0000000795580000)
  object space 87552K, 5% used [0x0000000740000000,0x0000000740480218,0x0000000745580000)
 Metaspace       used 19664K, capacity 19920K, committed 20352K, reserved 1067008K
  class space    used 2539K, capacity 2628K, committed 2688K, reserved 1048576K
}
Event: 3.187 GC heap before
{Heap before GC invocations=2 (full 0):
 PSYoungGen      total 38400K, used 11422K [0x0000000795580000, 0x0000000798000000, 0x00000007c0000000)
  eden space 33280K, 19% used [0x0000000795580000,0x0000000795badb60,0x0000000797600000)
  from space 5120K, 99% used [0x0000000797600000,0x0000000797af9e50,0x0000000797b00000)
  to   space 5120K, 0% used [0x0000000797b00000,0x0000000797b00000,0x0000000798000000)
 ParOldGen       total 87552K, used 4608K [0x0000000740000000, 0x0000000745580000, 0x0000000795580000)
  object space 87552K, 5% used [0x0000000740000000,0x0000000740480218,0x0000000745580000)
 Metaspace       used 20751K, capacity 20976K, committed 21248K, reserved 1067008K
  class space    used 2639K, capacity 2724K, committed 2816K, reserved 1048576K
Event: 3.194 GC heap after
Heap after GC invocations=2 (full 0):
 PSYoungGen      total 38400K, used 5101K [0x0000000795580000, 0x000000079a080000, 0x00000007c0000000)
  eden space 33280K, 0% used [0x0000000795580000,0x0000000795580000,0x0000000797600000)
  from space 5120K, 99% used [0x0000000797b00000,0x0000000797ffb690,0x0000000798000000)
  to   space 5120K, 0% used [0x0000000797600000,0x0000000797600000,0x0000000797b00000)
 ParOldGen       total 87552K, used 6022K [0x0000000740000000, 0x0000000745580000, 0x0000000795580000)
  object space 87552K, 6% used [0x0000000740000000,0x00000007405e1850,0x0000000745580000)
 Metaspace       used 20751K, capacity 20976K, committed 21248K, reserved 1067008K
  class space    used 2639K, capacity 2724K, committed 2816K, reserved 1048576K
}
Event: 3.194 GC heap before
{Heap before GC invocations=3 (full 1):
 PSYoungGen      total 38400K, used 5101K [0x0000000795580000, 0x000000079a080000, 0x00000007c0000000)
  eden space 33280K, 0% used [0x0000000795580000,0x0000000795580000,0x0000000797600000)
  from space 5120K, 99% used [0x0000000797b00000,0x0000000797ffb690,0x0000000798000000)
  to   space 5120K, 0% used [0x0000000797600000,0x0000000797600000,0x0000000797b00000)
 ParOldGen       total 87552K, used 6022K [0x0000000740000000, 0x0000000745580000, 0x0000000795580000)
  object space 87552K, 6% used [0x0000000740000000,0x00000007405e1850,0x0000000745580000)
 Metaspace       used 20751K, capacity 20976K, committed 21248K, reserved 1067008K
  class space    used 2639K, capacity 2724K, committed 2816K, reserved 1048576K
Event: 3.227 GC heap after
Heap after GC invocations=3 (full 1):
 PSYoungGen      total 38400K, used 0K [0x0000000795580000, 0x000000079a080000, 0x00000007c0000000)
  eden space 33280K, 0% used [0x0000000795580000,0x0000000795580000,0x0000000797600000)
  from space 5120K, 0% used [0x0000000797b00000,0x0000000797b00000,0x0000000798000000)
  to   space 5120K, 0% used [0x0000000797600000,0x0000000797600000,0x0000000797b00000)
 ParOldGen       total 58368K, used 9180K [0x0000000740000000, 0x0000000743900000, 0x0000000795580000)
  object space 58368K, 15% used [0x0000000740000000,0x00000007408f7168,0x0000000743900000)
 Metaspace       used 20751K, capacity 20976K, committed 21248K, reserved 1067008K
  class space    used 2639K, capacity 2724K, committed 2816K, reserved 1048576K
}

Deoptimization events (10 events):
Event: 5.634 Thread 0x00007ff9e29c2000 Uncommon trap: reason=bimorphic action=maybe_recompile pc=0x0000000107efad2c method=javax.swing.UIDefaults.getFromHashtable(Ljava/lang/Object;)Ljava/lang/Object; @ 126
Event: 5.635 Thread 0x00007ff9e29c2000 Uncommon trap: reason=bimorphic action=maybe_recompile pc=0x0000000107efad2c method=javax.swing.UIDefaults.getFromHashtable(Ljava/lang/Object;)Ljava/lang/Object; @ 126
Event: 5.635 Thread 0x00007ff9e29c2000 Uncommon trap: reason=bimorphic action=maybe_recompile pc=0x0000000107efad2c method=javax.swing.UIDefaults.getFromHashtable(Ljava/lang/Object;)Ljava/lang/Object; @ 126
Event: 5.636 Thread 0x00007ff9e29c2000 Uncommon trap: reason=bimorphic action=maybe_recompile pc=0x0000000107efad2c method=javax.swing.UIDefaults.getFromHashtable(Ljava/lang/Object;)Ljava/lang/Object; @ 126
Event: 5.656 Thread 0x00007ff9e29c2000 Uncommon trap: reason=class_check action=maybe_recompile pc=0x0000000108228768 method=javax.swing.RepaintManager.addDirtyRegion0(Ljava/awt/Container;IIII)V @ 91
Event: 5.751 Thread 0x00007ff9e29c2000 Uncommon trap: reason=class_check action=maybe_recompile pc=0x0000000108228768 method=javax.swing.RepaintManager.addDirtyRegion0(Ljava/awt/Container;IIII)V @ 91
Event: 5.835 Thread 0x00007ff9e29c2000 Uncommon trap: reason=class_check action=maybe_recompile pc=0x0000000108228768 method=javax.swing.RepaintManager.addDirtyRegion0(Ljava/awt/Container;IIII)V @ 91
Event: 5.854 Thread 0x00007ff9e29c2000 Uncommon trap: reason=class_check action=maybe_recompile pc=0x0000000108228768 method=javax.swing.RepaintManager.addDirtyRegion0(Ljava/awt/Container;IIII)V @ 91
Event: 6.426 Thread 0x00007ff9e29c2000 Uncommon trap: reason=predicate action=maybe_recompile pc=0x00000001081932b0 method=java.util.regex.Pattern$SliceI.match(Ljava/util/regex/Matcher;ILjava/lang/CharSequence;)Z @ 21
Event: 6.458 Thread 0x00007ff9e29c2000 Uncommon trap: reason=bimorphic action=maybe_recompile pc=0x0000000107ee34b0 method=javax.swing.UIDefaults.getFromHashtable(Ljava/lang/Object;)Ljava/lang/Object; @ 126

Internal exceptions (10 events):
Event: 2.557 Thread 0x00007ff9e29c2000 Exception <a 'java/io/FileNotFoundException'> (0x0000000796806fa0) thrown at [/HUDSON3/workspace/8-2-build-macosx-x86_64/jdk8u73/6086/hotspot/src/share/vm/prims/jni.cpp, line 709]
Event: 2.560 Thread 0x00007ff9e29c2000 Exception <a 'java/io/FileNotFoundException'> (0x000000079680dc30) thrown at [/HUDSON3/workspace/8-2-build-macosx-x86_64/jdk8u73/6086/hotspot/src/share/vm/prims/jni.cpp, line 709]
Event: 2.599 Thread 0x00007ff9e29c2000 Exception <a 'java/io/FileNotFoundException'> (0x0000000796965cb0) thrown at [/HUDSON3/workspace/8-2-build-macosx-x86_64/jdk8u73/6086/hotspot/src/share/vm/prims/jni.cpp, line 709]
Event: 2.708 Thread 0x00007ff9e29c2000 Exception <a 'java/io/FileNotFoundException'> (0x0000000796c38478) thrown at [/HUDSON3/workspace/8-2-build-macosx-x86_64/jdk8u73/6086/hotspot/src/share/vm/prims/jni.cpp, line 709]
Event: 2.715 Thread 0x00007ff9e29c2000 Exception <a 'java/io/FileNotFoundException'> (0x0000000796c4fd30) thrown at [/HUDSON3/workspace/8-2-build-macosx-x86_64/jdk8u73/6086/hotspot/src/share/vm/prims/jni.cpp, line 709]
Event: 3.048 Thread 0x00007ff9e2800000 Exception <a 'java/lang/NullPointerException'> (0x0000000795600820) thrown at [/HUDSON3/workspace/8-2-build-macosx-x86_64/jdk8u73/6086/hotspot/src/share/vm/interpreter/linkResolver.cpp, line 1178]
Event: 5.377 Thread 0x00007ff9e29c2000 Exception <a 'java/io/FileNotFoundException'> (0x0000000795c328f8) thrown at [/HUDSON3/workspace/8-2-build-macosx-x86_64/jdk8u73/6086/hotspot/src/share/vm/prims/jni.cpp, line 709]
Event: 5.380 Thread 0x00007ff9e29c2000 Exception <a 'java/io/FileNotFoundException'> (0x0000000795c39d00) thrown at [/HUDSON3/workspace/8-2-build-macosx-x86_64/jdk8u73/6086/hotspot/src/share/vm/prims/jni.cpp, line 709]
Event: 5.383 Thread 0x00007ff9e29c2000 Exception <a 'java/io/FileNotFoundException'> (0x0000000795c41130) thrown at [/HUDSON3/workspace/8-2-build-macosx-x86_64/jdk8u73/6086/hotspot/src/share/vm/prims/jni.cpp, line 709]
Event: 5.385 Thread 0x00007ff9e29c2000 Exception <a 'java/io/FileNotFoundException'> (0x0000000795c48538) thrown at [/HUDSON3/workspace/8-2-build-macosx-x86_64/jdk8u73/6086/hotspot/src/share/vm/prims/jni.cpp, line 709]

Events (10 events):
Event: 6.466 Executing VM operation: RevokeBias done
Event: 6.467 Executing VM operation: RevokeBias
Event: 6.467 Executing VM operation: RevokeBias done
Event: 6.469 Thread 0x00007ff9e381c000 flushing nmethod 0x0000000107c8c250
Event: 6.469 Thread 0x00007ff9e381c000 flushing nmethod 0x0000000107c8d850
Event: 6.469 Thread 0x00007ff9e381c000 flushing nmethod 0x0000000107c8dfd0
Event: 6.469 Thread 0x00007ff9e381c000 flushing nmethod 0x0000000107c8e490
Event: 6.469 Thread 0x00007ff9e381c000 flushing nmethod 0x0000000107c8fe10
Event: 6.469 Thread 0x00007ff9e381c000 flushing nmethod 0x0000000107c99090
Event: 6.469 Thread 0x00007ff9e381c000 flushing nmethod 0x0000000107cba010


Dynamic libraries:
0x0000000001696000 	/System/Library/Frameworks/Cocoa.framework/Versions/A/Cocoa
0x0000000001696000 	/System/Library/Frameworks/Security.framework/Versions/A/Security
0x0000000001696000 	/System/Library/Frameworks/ApplicationServices.framework/Versions/A/ApplicationServices
0x0000000001696000 	/usr/lib/libz.1.dylib
0x0000000001696000 	/usr/lib/libSystem.B.dylib
0x0000000001696000 	/usr/lib/libobjc.A.dylib
0x0000000001696000 	/System/Library/Frameworks/CoreFoundation.framework/Versions/A/CoreFoundation
0x0000000001696000 	/System/Library/Frameworks/Foundation.framework/Versions/C/Foundation
0x0000000001696000 	/System/Library/Frameworks/AppKit.framework/Versions/C/AppKit
0x0000000001696000 	/System/Library/Frameworks/CoreData.framework/Versions/A/CoreData
0x0000000001696000 	/System/Library/PrivateFrameworks/RemoteViewServices.framework/Versions/A/RemoteViewServices
0x0000000001696000 	/System/Library/PrivateFrameworks/UIFoundation.framework/Versions/A/UIFoundation
0x0000000001696000 	/usr/lib/libScreenReader.dylib
0x0000000001696000 	/System/Library/Frameworks/Accelerate.framework/Versions/A/Accelerate
0x0000000001696000 	/System/Library/Frameworks/IOSurface.framework/Versions/A/IOSurface
0x0000000001696000 	/System/Library/Frameworks/AudioToolbox.framework/Versions/A/AudioToolbox
0x0000000001696000 	/System/Library/Frameworks/AudioUnit.framework/Versions/A/AudioUnit
0x0000000001696000 	/System/Library/PrivateFrameworks/DataDetectorsCore.framework/Versions/A/DataDetectorsCore
0x0000000001696000 	/System/Library/PrivateFrameworks/DesktopServicesPriv.framework/Versions/A/DesktopServicesPriv
0x0000000001696000 	/System/Library/Frameworks/Carbon.framework/Versions/A/Frameworks/HIToolbox.framework/Versions/A/HIToolbox
0x0000000001696000 	/System/Library/Frameworks/QuartzCore.framework/Versions/A/QuartzCore
0x0000000001696000 	/System/Library/Frameworks/Carbon.framework/Versions/A/Frameworks/SpeechRecognition.framework/Versions/A/SpeechRecognition
0x0000000001696000 	/usr/lib/libauto.dylib
0x0000000001696000 	/usr/lib/libicucore.A.dylib
0x0000000001696000 	/usr/lib/libxml2.2.dylib
0x0000000001696000 	/System/Library/PrivateFrameworks/CoreUI.framework/Versions/A/CoreUI
0x0000000001696000 	/System/Library/Frameworks/CoreAudio.framework/Versions/A/CoreAudio
0x0000000001696000 	/System/Library/Frameworks/DiskArbitration.framework/Versions/A/DiskArbitration
0x0000000001696000 	/usr/lib/liblangid.dylib
0x0000000001696000 	/System/Library/PrivateFrameworks/MultitouchSupport.framework/Versions/A/MultitouchSupport
0x0000000001696000 	/System/Library/Frameworks/IOKit.framework/Versions/A/IOKit
0x0000000001696000 	/usr/lib/libDiagnosticMessagesClient.dylib
0x0000000001696000 	/System/Library/Frameworks/CoreServices.framework/Versions/A/CoreServices
0x0000000001696000 	/System/Library/PrivateFrameworks/PerformanceAnalysis.framework/Versions/A/PerformanceAnalysis
0x0000000001696000 	/System/Library/PrivateFrameworks/GenerationalStorage.framework/Versions/A/GenerationalStorage
0x0000000001696000 	/System/Library/Frameworks/OpenGL.framework/Versions/A/OpenGL
0x0000000001696000 	/System/Library/PrivateFrameworks/Sharing.framework/Versions/A/Sharing
0x0000000001696000 	/System/Library/Frameworks/CoreGraphics.framework/Versions/A/CoreGraphics
0x0000000001696000 	/System/Library/Frameworks/CoreImage.framework/Versions/A/CoreImage
0x0000000001696000 	/System/Library/Frameworks/CoreText.framework/Versions/A/CoreText
0x0000000001696000 	/System/Library/Frameworks/ImageIO.framework/Versions/A/ImageIO
0x0000000001696000 	/System/Library/PrivateFrameworks/Backup.framework/Versions/A/Backup
0x0000000001696000 	/usr/lib/libextension.dylib
0x0000000001696000 	/usr/lib/libarchive.2.dylib
0x0000000001696000 	/System/Library/Frameworks/CFNetwork.framework/Versions/A/CFNetwork
0x0000000001696000 	/System/Library/Frameworks/SystemConfiguration.framework/Versions/A/SystemConfiguration
0x0000000001696000 	/usr/lib/libCRFSuite.dylib
0x0000000001696000 	/usr/lib/libc++.1.dylib
0x0000000001696000 	/usr/lib/libc++abi.dylib
0x0000000001696000 	/usr/lib/system/libcache.dylib
0x0000000001696000 	/usr/lib/system/libcommonCrypto.dylib
0x0000000001696000 	/usr/lib/system/libcompiler_rt.dylib
0x0000000001696000 	/usr/lib/system/libcopyfile.dylib
0x0000000001696000 	/usr/lib/system/libcorecrypto.dylib
0x0000000001696000 	/usr/lib/system/libdispatch.dylib
0x0000000001696000 	/usr/lib/system/libdyld.dylib
0x0000000001696000 	/usr/lib/system/libkeymgr.dylib
0x0000000001696000 	/usr/lib/system/liblaunch.dylib
0x0000000001696000 	/usr/lib/system/libmacho.dylib
0x0000000001696000 	/usr/lib/system/libquarantine.dylib
0x0000000001696000 	/usr/lib/system/libremovefile.dylib
0x0000000001696000 	/usr/lib/system/libsystem_asl.dylib
0x0000000001696000 	/usr/lib/system/libsystem_blocks.dylib
0x0000000001696000 	/usr/lib/system/libsystem_c.dylib
0x0000000001696000 	/usr/lib/system/libsystem_configuration.dylib
0x0000000001696000 	/usr/lib/system/libsystem_coreservices.dylib
0x0000000001696000 	/usr/lib/system/libsystem_coretls.dylib
0x0000000001696000 	/usr/lib/system/libsystem_dnssd.dylib
0x0000000001696000 	/usr/lib/system/libsystem_info.dylib
0x0000000001696000 	/usr/lib/system/libsystem_kernel.dylib
0x0000000001696000 	/usr/lib/system/libsystem_m.dylib
0x0000000001696000 	/usr/lib/system/libsystem_malloc.dylib
0x0000000001696000 	/usr/lib/system/libsystem_network.dylib
0x0000000001696000 	/usr/lib/system/libsystem_networkextension.dylib
0x0000000001696000 	/usr/lib/system/libsystem_notify.dylib
0x0000000001696000 	/usr/lib/system/libsystem_platform.dylib
0x0000000001696000 	/usr/lib/system/libsystem_pthread.dylib
0x0000000001696000 	/usr/lib/system/libsystem_sandbox.dylib
0x0000000001696000 	/usr/lib/system/libsystem_secinit.dylib
0x0000000001696000 	/usr/lib/system/libsystem_trace.dylib
0x0000000001696000 	/usr/lib/system/libunc.dylib
0x0000000001696000 	/usr/lib/system/libunwind.dylib
0x0000000001696000 	/usr/lib/system/libxpc.dylib
0x0000000001696000 	/usr/lib/libenergytrace.dylib
0x0000000001696000 	/usr/lib/libbsm.0.dylib
0x0000000001696000 	/usr/lib/system/libkxld.dylib
0x0000000001696000 	/usr/lib/libxar.1.dylib
0x0000000001696000 	/usr/lib/libsqlite3.dylib
0x0000000001696000 	/usr/lib/libpam.2.dylib
0x0000000001696000 	/usr/lib/libOpenScriptingUtil.dylib
0x0000000001696000 	/usr/lib/libbz2.1.0.dylib
0x0000000001696000 	/usr/lib/liblzma.5.dylib
0x0000000001696000 	/System/Library/Frameworks/CoreServices.framework/Versions/A/Frameworks/FSEvents.framework/Versions/A/FSEvents
0x0000000001696000 	/System/Library/Frameworks/CoreServices.framework/Versions/A/Frameworks/CarbonCore.framework/Versions/A/CarbonCore
0x0000000001696000 	/System/Library/Frameworks/CoreServices.framework/Versions/A/Frameworks/Metadata.framework/Versions/A/Metadata
0x0000000001696000 	/System/Library/Frameworks/CoreServices.framework/Versions/A/Frameworks/OSServices.framework/Versions/A/OSServices
0x0000000001696000 	/System/Library/Frameworks/CoreServices.framework/Versions/A/Frameworks/SearchKit.framework/Versions/A/SearchKit
0x0000000001696000 	/System/Library/Frameworks/CoreServices.framework/Versions/A/Frameworks/AE.framework/Versions/A/AE
0x0000000001696000 	/System/Library/Frameworks/CoreServices.framework/Versions/A/Frameworks/LaunchServices.framework/Versions/A/LaunchServices
0x0000000001696000 	/System/Library/Frameworks/CoreServices.framework/Versions/A/Frameworks/DictionaryServices.framework/Versions/A/DictionaryServices
0x0000000001696000 	/System/Library/Frameworks/CoreServices.framework/Versions/A/Frameworks/SharedFileList.framework/Versions/A/SharedFileList
0x0000000001696000 	/System/Library/Frameworks/NetFS.framework/Versions/A/NetFS
0x0000000001696000 	/System/Library/PrivateFrameworks/NetAuth.framework/Versions/A/NetAuth
0x0000000001696000 	/System/Library/PrivateFrameworks/login.framework/Versions/A/Frameworks/loginsupport.framework/Versions/A/loginsupport
0x0000000001696000 	/System/Library/PrivateFrameworks/TCC.framework/Versions/A/TCC
0x0000000001696000 	/usr/lib/libmecabra.dylib
0x0000000001696000 	/System/Library/Frameworks/ApplicationServices.framework/Versions/A/Frameworks/ATS.framework/Versions/A/ATS
0x0000000001696000 	/System/Library/Frameworks/ApplicationServices.framework/Versions/A/Frameworks/ColorSync.framework/Versions/A/ColorSync
0x0000000001696000 	/System/Library/Frameworks/ApplicationServices.framework/Versions/A/Frameworks/HIServices.framework/Versions/A/HIServices
0x0000000001696000 	/System/Library/Frameworks/ApplicationServices.framework/Versions/A/Frameworks/LangAnalysis.framework/Versions/A/LangAnalysis
0x0000000001696000 	/System/Library/Frameworks/ApplicationServices.framework/Versions/A/Frameworks/PrintCore.framework/Versions/A/PrintCore
0x0000000001696000 	/System/Library/Frameworks/ApplicationServices.framework/Versions/A/Frameworks/QD.framework/Versions/A/QD
0x0000000001696000 	/System/Library/Frameworks/ApplicationServices.framework/Versions/A/Frameworks/SpeechSynthesis.framework/Versions/A/SpeechSynthesis
0x0000000001696000 	/System/Library/Frameworks/Metal.framework/Versions/A/Metal
0x0000000001696000 	/System/Library/Frameworks/Accelerate.framework/Versions/A/Frameworks/vImage.framework/Versions/A/vImage
0x0000000001696000 	/System/Library/Frameworks/Accelerate.framework/Versions/A/Frameworks/vecLib.framework/Versions/A/vecLib
0x0000000001696000 	/System/Library/Frameworks/Accelerate.framework/Versions/A/Frameworks/vecLib.framework/Versions/A/libvDSP.dylib
0x0000000001696000 	/System/Library/Frameworks/Accelerate.framework/Versions/A/Frameworks/vecLib.framework/Versions/A/libvMisc.dylib
0x0000000001696000 	/System/Library/Frameworks/Accelerate.framework/Versions/A/Frameworks/vecLib.framework/Versions/A/libLAPACK.dylib
0x0000000001696000 	/System/Library/Frameworks/Accelerate.framework/Versions/A/Frameworks/vecLib.framework/Versions/A/libBLAS.dylib
0x0000000001696000 	/System/Library/Frameworks/Accelerate.framework/Versions/A/Frameworks/vecLib.framework/Versions/A/libLinearAlgebra.dylib
0x0000000001696000 	/System/Library/Frameworks/Accelerate.framework/Versions/A/Frameworks/vecLib.framework/Versions/A/libSparseBLAS.dylib
0x0000000001696000 	/System/Library/PrivateFrameworks/GPUCompiler.framework/libmetal_timestamp.dylib
0x0000000001696000 	/System/Library/Frameworks/OpenGL.framework/Versions/A/Libraries/libCoreFSCache.dylib
0x0000000001696000 	/System/Library/PrivateFrameworks/IOAccelerator.framework/Versions/A/IOAccelerator
0x0000000001696000 	/System/Library/Frameworks/ApplicationServices.framework/Versions/A/Frameworks/ATS.framework/Versions/A/Resources/libFontParser.dylib
0x0000000001696000 	/System/Library/Frameworks/ApplicationServices.framework/Versions/A/Frameworks/ATS.framework/Versions/A/Resources/libFontRegistry.dylib
0x0000000001696000 	/System/Library/PrivateFrameworks/AppleVPA.framework/Versions/A/AppleVPA
0x0000000001696000 	/System/Library/PrivateFrameworks/AppleJPEG.framework/Versions/A/AppleJPEG
0x0000000001696000 	/System/Library/Frameworks/ImageIO.framework/Versions/A/Resources/libJPEG.dylib
0x0000000001696000 	/System/Library/Frameworks/ImageIO.framework/Versions/A/Resources/libTIFF.dylib
0x0000000001696000 	/System/Library/Frameworks/ImageIO.framework/Versions/A/Resources/libPng.dylib
0x0000000001696000 	/System/Library/Frameworks/ImageIO.framework/Versions/A/Resources/libGIF.dylib
0x0000000001696000 	/System/Library/Frameworks/ImageIO.framework/Versions/A/Resources/libJP2.dylib
0x0000000001696000 	/System/Library/Frameworks/ImageIO.framework/Versions/A/Resources/libRadiance.dylib
0x0000000001696000 	/System/Library/Frameworks/CoreVideo.framework/Versions/A/CoreVideo
0x0000000001696000 	/System/Library/Frameworks/OpenGL.framework/Versions/A/Libraries/libGLU.dylib
0x0000000001696000 	/System/Library/Frameworks/OpenGL.framework/Versions/A/Libraries/libGFXShared.dylib
0x0000000001696000 	/System/Library/Frameworks/OpenGL.framework/Versions/A/Libraries/libGL.dylib
0x0000000001696000 	/System/Library/Frameworks/OpenGL.framework/Versions/A/Libraries/libGLImage.dylib
0x0000000001696000 	/System/Library/Frameworks/OpenGL.framework/Versions/A/Libraries/libCVMSPluginSupport.dylib
0x0000000001696000 	/System/Library/Frameworks/OpenGL.framework/Versions/A/Libraries/libCoreVMClient.dylib
0x0000000001696000 	/usr/lib/libcups.2.dylib
0x0000000001696000 	/System/Library/Frameworks/Kerberos.framework/Versions/A/Kerberos
0x0000000001696000 	/System/Library/Frameworks/GSS.framework/Versions/A/GSS
0x0000000001696000 	/usr/lib/libresolv.9.dylib
0x0000000001696000 	/usr/lib/libiconv.2.dylib
0x0000000001696000 	/System/Library/PrivateFrameworks/Heimdal.framework/Versions/A/Heimdal
0x0000000001696000 	/usr/lib/libheimdal-asn1.dylib
0x0000000001696000 	/System/Library/Frameworks/OpenDirectory.framework/Versions/A/OpenDirectory
0x0000000001696000 	/System/Library/PrivateFrameworks/CommonAuth.framework/Versions/A/CommonAuth
0x0000000001696000 	/System/Library/Frameworks/OpenDirectory.framework/Versions/A/Frameworks/CFOpenDirectory.framework/Versions/A/CFOpenDirectory
0x0000000001696000 	/System/Library/Frameworks/SecurityFoundation.framework/Versions/A/SecurityFoundation
0x0000000001696000 	/System/Library/PrivateFrameworks/LanguageModeling.framework/Versions/A/LanguageModeling
0x0000000001696000 	/usr/lib/libmarisa.dylib
0x0000000001696000 	/usr/lib/libChineseTokenizer.dylib
0x0000000001696000 	/usr/lib/libcmph.dylib
0x0000000001696000 	/usr/lib/libcompression.dylib
0x0000000001696000 	/System/Library/Frameworks/ServiceManagement.framework/Versions/A/ServiceManagement
0x0000000001696000 	/usr/lib/libxslt.1.dylib
0x0000000001696000 	/System/Library/Frameworks/Carbon.framework/Versions/A/Frameworks/Ink.framework/Versions/A/Ink
0x0000000001696000 	/usr/lib/libFosl_dynamic.dylib
0x0000000001696000 	/System/Library/PrivateFrameworks/FaceCore.framework/Versions/A/FaceCore
0x0000000001696000 	/System/Library/Frameworks/OpenCL.framework/Versions/A/OpenCL
0x0000000001696000 	/System/Library/PrivateFrameworks/CrashReporterSupport.framework/Versions/A/CrashReporterSupport
0x0000000001696000 	/System/Library/PrivateFrameworks/IconServices.framework/Versions/A/IconServices
0x0000000001696000 	/System/Library/PrivateFrameworks/Apple80211.framework/Versions/A/Apple80211
0x0000000001696000 	/System/Library/Frameworks/CoreWLAN.framework/Versions/A/CoreWLAN
0x0000000001696000 	/System/Library/Frameworks/IOBluetooth.framework/Versions/A/IOBluetooth
0x0000000001696000 	/System/Library/PrivateFrameworks/CoreWiFi.framework/Versions/A/CoreWiFi
0x0000000001696000 	/System/Library/Frameworks/CoreBluetooth.framework/Versions/A/CoreBluetooth
0x0000000001696000 	/System/Library/PrivateFrameworks/ChunkingLibrary.framework/Versions/A/ChunkingLibrary
0x0000000001696000 	/System/Library/PrivateFrameworks/DebugSymbols.framework/Versions/A/DebugSymbols
0x0000000001696000 	/System/Library/PrivateFrameworks/CoreSymbolication.framework/Versions/A/CoreSymbolication
0x0000000001696000 	/System/Library/PrivateFrameworks/Symbolication.framework/Versions/A/Symbolication
0x0000000001696000 	/System/Library/PrivateFrameworks/SpeechRecognitionCore.framework/Versions/A/SpeechRecognitionCore
0x0000000106c00000 	/Library/Java/JavaVirtualMachines/jdk1.8.0_73.jdk/Contents/Home/jre/lib/server/libjvm.dylib
0x0000000001696000 	/usr/lib/libstdc++.6.dylib
0x000000010631f000 	/Library/Java/JavaVirtualMachines/jdk1.8.0_73.jdk/Contents/Home/jre/lib/libverify.dylib
0x000000010632d000 	/Library/Java/JavaVirtualMachines/jdk1.8.0_73.jdk/Contents/Home/jre/lib/libjava.dylib
0x000000010636c000 	/Library/Java/JavaVirtualMachines/jdk1.8.0_73.jdk/Contents/Home/jre/lib/libzip.dylib
0x000000011d47f000 	/System/Library/Frameworks/JavaVM.framework/Frameworks/JavaRuntimeSupport.framework/JavaRuntimeSupport
0x00000001063e6000 	/System/Library/Frameworks/JavaVM.framework/Versions/A/Frameworks/JavaNativeFoundation.framework/Versions/A/JavaNativeFoundation
0x000000011d49a000 	/System/Library/Frameworks/JavaVM.framework/Versions/A/JavaVM
0x0000000001696000 	/System/Library/Frameworks/Carbon.framework/Versions/A/Carbon
0x000000011d4a7000 	/System/Library/PrivateFrameworks/JavaLaunching.framework/Versions/A/JavaLaunching
0x0000000001696000 	/System/Library/Frameworks/Carbon.framework/Versions/A/Frameworks/CommonPanels.framework/Versions/A/CommonPanels
0x0000000001696000 	/System/Library/Frameworks/Carbon.framework/Versions/A/Frameworks/Help.framework/Versions/A/Help
0x0000000001696000 	/System/Library/Frameworks/Carbon.framework/Versions/A/Frameworks/ImageCapture.framework/Versions/A/ImageCapture
0x0000000001696000 	/System/Library/Frameworks/Carbon.framework/Versions/A/Frameworks/OpenScripting.framework/Versions/A/OpenScripting
0x0000000001696000 	/System/Library/Frameworks/Carbon.framework/Versions/A/Frameworks/Print.framework/Versions/A/Print
0x0000000001696000 	/System/Library/Frameworks/Carbon.framework/Versions/A/Frameworks/SecurityHI.framework/Versions/A/SecurityHI
0x000000011ee23000 	/Library/Java/JavaVirtualMachines/jdk1.8.0_73.jdk/Contents/Home/jre/lib/libawt.dylib
0x000000011eecb000 	/Library/Java/JavaVirtualMachines/jdk1.8.0_73.jdk/Contents/Home/jre/lib/./libmlib_image.dylib
0x000000011ef97000 	/Library/Java/JavaVirtualMachines/jdk1.8.0_73.jdk/Contents/Home/jre/lib/libawt_lwawt.dylib
0x000000011f04c000 	/Library/Java/JavaVirtualMachines/jdk1.8.0_73.jdk/Contents/Home/jre/lib/./libosxapp.dylib
0x0000000001696000 	/System/Library/Frameworks/ExceptionHandling.framework/Versions/A/ExceptionHandling
0x0000000001696000 	/System/Library/PrivateFrameworks/CoreServicesInternal.framework/Versions/A/CoreServicesInternal
0x0000000001696000 	/System/Library/Frameworks/CoreGraphics.framework/Versions/A/Resources/libRIP.A.dylib
0x0000000001696000 	/System/Library/Frameworks/Accelerate.framework/Versions/A/Frameworks/vImage.framework/Versions/A/Libraries/libCGInterfaces.dylib
0x0000000001696000 	/System/Library/Frameworks/CoreGraphics.framework/Versions/A/Resources/libCGXType.A.dylib
0x0000000001696000 	/System/Library/Frameworks/OpenCL.framework/Versions/A/Libraries/libcldcpuengine.dylib
0x0000000001696000 	/System/Library/PrivateFrameworks/DiskImages.framework/Versions/A/DiskImages
0x0000000001696000 	/System/Library/Frameworks/DiscRecording.framework/Versions/A/DiscRecording
0x0000000001696000 	/usr/lib/libcsfde.dylib
0x0000000001696000 	/usr/lib/libcurl.4.dylib
0x0000000001696000 	/System/Library/PrivateFrameworks/MediaKit.framework/Versions/A/MediaKit
0x0000000001696000 	/System/Library/PrivateFrameworks/ProtectedCloudStorage.framework/Versions/A/ProtectedCloudStorage
0x0000000001696000 	/usr/lib/libCoreStorage.dylib
0x0000000001696000 	/System/Library/PrivateFrameworks/EFILogin.framework/Versions/A/EFILogin
0x0000000001696000 	/usr/lib/libutil.dylib
0x0000000001696000 	/System/Library/PrivateFrameworks/FindMyDevice.framework/Versions/A/FindMyDevice
0x0000000001696000 	/System/Library/Frameworks/LDAP.framework/Versions/A/LDAP
0x0000000001696000 	/usr/lib/libsasl2.2.dylib
0x0000000001696000 	/System/Library/PrivateFrameworks/CoreDaemon.framework/Versions/B/CoreDaemon
0x0000000001696000 	/usr/lib/libcrypto.0.9.8.dylib
0x0000000001696000 	/System/Library/PrivateFrameworks/AppleSRP.framework/Versions/A/AppleSRP
0x0000000001696000 	/System/Library/PrivateFrameworks/TrustEvaluationAgent.framework/Versions/A/TrustEvaluationAgent
0x0000000120f69000 	cl_kernels
0x0000000001696000 	/System/Library/Frameworks/OpenCL.framework/Versions/A/Libraries/ImageFormats/unorm8_bgra.dylib
0x0000000001696000 	/System/Library/Frameworks/OpenCL.framework/Versions/A/Libraries/ImageFormats/unorm8_rgba.dylib
0x0000000001696000 	/System/Library/PrivateFrameworks/FamilyControls.framework/Versions/A/FamilyControls
0x0000000001696000 	/System/Library/PrivateFrameworks/CommerceKit.framework/Versions/A/Frameworks/CommerceCore.framework/Versions/A/CommerceCore
0x0000000001696000 	/System/Library/PrivateFrameworks/SystemAdministration.framework/Versions/A/SystemAdministration
0x0000000001696000 	/System/Library/PrivateFrameworks/AppContainer.framework/Versions/A/AppContainer
0x0000000001696000 	/System/Library/PrivateFrameworks/SecCodeWrapper.framework/Versions/A/SecCodeWrapper
0x0000000001696000 	/System/Library/Frameworks/DirectoryService.framework/Versions/A/DirectoryService
0x0000000001696000 	/System/Library/PrivateFrameworks/LoginUIKit.framework/Versions/A/Frameworks/LoginUICore.framework/Versions/A/LoginUICore
0x0000000001696000 	/usr/lib/libodfde.dylib
0x000000012209c000 	/Library/Java/JavaVirtualMachines/jdk1.8.0_73.jdk/Contents/Home/jre/lib/libfontmanager.dylib
0x0000000001696000 	/System/Library/Frameworks/OpenGL.framework/Versions/A/Resources/GLEngine.bundle/GLEngine
0x0000000001696000 	/System/Library/Frameworks/OpenGL.framework/Versions/A/Libraries/libGLProgrammability.dylib
0x0000000122103000 	/System/Library/Extensions/AppleIntelBDWGraphicsGLDriver.bundle/Contents/MacOS/AppleIntelBDWGraphicsGLDriver
0x0000000001696000 	/System/Library/PrivateFrameworks/GPUSupport.framework/Versions/A/Libraries/libGPUSupportMercury.dylib
0x0000000001696000 	/System/Library/Frameworks/OpenGL.framework/Versions/A/Resources/GLRendererFloat.bundle/GLRendererFloat
0x0000000123270000 	/Library/Java/JavaVirtualMachines/jdk1.8.0_73.jdk/Contents/Home/jre/lib/libnio.dylib
0x0000000123280000 	/Library/Java/JavaVirtualMachines/jdk1.8.0_73.jdk/Contents/Home/jre/lib/./libnet.dylib
0x00000001278ac000 	/System/Library/Extensions/AppleIntelBDWGraphicsMTLDriver.bundle/Contents/MacOS/AppleIntelBDWGraphicsMTLDriver
0x0000000001696000 	/System/Library/Frameworks/ApplicationServices.framework/Versions/A/Frameworks/ATS.framework/Versions/A/Resources/libTrueTypeScaler.dylib
0x00000001a9948000 	/Library/Java/JavaVirtualMachines/jdk1.8.0_73.jdk/Contents/Home/jre/lib/libjpeg.dylib
0x00000001aa0c0000 	/Library/Java/JavaVirtualMachines/jdk1.8.0_73.jdk/Contents/Home/jre/lib/libsunec.dylib

VM Arguments:
jvm_args: -Dfile.encoding=UTF-8 
java_command: main.controller.MainFrame
java_class_path (initial): /Users/Hoang/Documents/SOFT_MAC/sqljdbc42.jar:/Users/Hoang/NetBeansProjects/Module2/MobilePhoneManagementSystem/JTattoo-1.6.11.jar:/Users/Hoang/Documents/SOFT_MAC/prompt.jar:/Users/Hoang/Documents/SOFT_MAC/jcalendar-1.4.1.v201109071408.jar:/Users/Hoang/NetBeansProjects/Module2/MobilePhoneManagementSystem/build/classes
Launcher Type: SUN_STANDARD

Environment Variables:
PATH=/usr/bin:/bin:/usr/sbin:/sbin
LD_LIBRARY_PATH=/Library/Java/JavaVirtualMachines/jdk1.8.0_73.jdk/Contents/Home/jre/lib/amd64:/Library/Java/JavaVirtualMachines/jdk1.8.0_73.jdk/Contents/Home/jre/lib/i386:
SHELL=/bin/bash

Signal Handlers:
SIGSEGV: [libjvm.dylib+0x5a71a5], sa_mask[0]=11111111011111110111111111111111, sa_flags=SA_ONSTACK|SA_RESTART|SA_SIGINFO
SIGBUS: [libjvm.dylib+0x5a71a5], sa_mask[0]=11111111011111110111111111111111, sa_flags=SA_RESTART|SA_SIGINFO
SIGFPE: [libjvm.dylib+0x480eb4], sa_mask[0]=11111111011111110111111111111111, sa_flags=SA_RESTART|SA_SIGINFO
SIGPIPE: [libjvm.dylib+0x480eb4], sa_mask[0]=11111111011111110111111111111111, sa_flags=SA_RESTART|SA_SIGINFO
SIGXFSZ: [libjvm.dylib+0x480eb4], sa_mask[0]=11111111011111110111111111111111, sa_flags=SA_RESTART|SA_SIGINFO
SIGILL: [libjvm.dylib+0x480eb4], sa_mask[0]=11111111011111110111111111111111, sa_flags=SA_RESTART|SA_SIGINFO
SIGUSR1: SIG_DFL, sa_mask[0]=00000000000000000000000000000000, sa_flags=none
SIGUSR2: [libjvm.dylib+0x4809d2], sa_mask[0]=00100000000000000000000000000000, sa_flags=SA_RESTART|SA_SIGINFO
SIGHUP: [libjvm.dylib+0x47efa9], sa_mask[0]=11111111011111110111111111111111, sa_flags=SA_RESTART|SA_SIGINFO
SIGINT: SIG_IGN, sa_mask[0]=00000000000000000000000000000000, sa_flags=none
SIGTERM: [libjvm.dylib+0x47efa9], sa_mask[0]=11111111011111110111111111111111, sa_flags=SA_RESTART|SA_SIGINFO
SIGQUIT: [libjvm.dylib+0x47efa9], sa_mask[0]=11111111011111110111111111111111, sa_flags=SA_RESTART|SA_SIGINFO


---------------  S Y S T E M  ---------------

OS:Bsduname:Darwin 15.3.0 Darwin Kernel Version 15.3.0: Thu Dec 10 18:40:58 PST 2015; root:xnu-3248.30.4~1/RELEASE_X86_64 x86_64
rlimit: STACK 8192k, CORE 0k, NPROC 709, NOFILE 10240, AS infinity
load average:2.26 1.96 1.85

CPU:total 4 (2 cores per cpu, 2 threads per core) family 6 model 61 stepping 4, cmov, cx8, fxsr, mmx, sse, sse2, sse3, ssse3, sse4.1, sse4.2, popcnt, avx, avx2, aes, clmul, erms, 3dnowpref, lzcnt, ht, tsc, tscinvbit, bmi1, bmi2, adx

Memory: 4k page, physical 8388608k(18688k free)

/proc/meminfo:


vm_info: Java HotSpot(TM) 64-Bit Server VM (25.73-b02) for bsd-amd64 JRE (1.8.0_73-b02), built on Jan 29 2016 15:02:00 by "java_re" with gcc 4.2.1 (Based on Apple Inc. build 5658) (LLVM build 2336.11.00)

time: Wed Jun 15 19:05:04 2016
elapsed time: 6 seconds (0d 0h 0m 6s)

